<?xml version="1.0" encoding="utf-8"?><testsuites name="pytest tests"><testsuite name="pytest" errors="0" failures="0" skipped="0" tests="14" time="0.394" timestamp="2026-09-13T17:36:09.833303+08:00" hostname="VM-0-13-debian"><testcase classname="pi-agent.tests.test_clock_recovery" name="test_time_jump_latches_untrusted_then_revalidates_without_restart[3600]" time="0.001" /><testcase classname="pi-agent.tests.test_clock_recovery" name="test_time_jump_latches_untrusted_then_revalidates_without_restart[-3600]" time="0.000" /><testcase classname="pi-agent.tests.test_clock_recovery" name="test_repeated_jump_restarts_stability_and_ntp_failure_stays_closed" time="0.000" /><testcase classname="pi-agent.tests.test_clock_recovery" name="test_jump_during_ntp_probe_cannot_be_reported_trusted" time="0.000" /><testcase classname="pi-agent.tests.test_clock_recovery" name="test_time_recovery_does_not_bypass_mode_recovery_window" time="0.000" /><testcase classname="pi-agent.tests.test_local_reconciliation" name="test_provisional_reconcile_requires_identical_durable_receipt" time="0.069" /><testcase classname="pi-agent.tests.test_local_reconciliation" name="test_no_receipt_cannot_release_quota" time="0.002" /><testcase classname="pi-agent.tests.test_local_reconciliation" name="test_fallback_receipts_do_not_starve_cloud_reconciliation" time="0.015" /><testcase classname="pi-agent.tests.test_adapters" name="test_independent_watchdog_closes_while_executor_is_blocked" time="0.031" /><testcase classname="pi-agent.tests.test_adapters" name="test_clock_requires_ntp_and_detects_wall_jumps" time="0.000" /><testcase classname="pi-agent.tests.test_adapters" name="test_air_fallback_and_staleness" time="0.000" /><testcase classname="pi-agent.tests.test_adapters" name="test_optional_sensor_failure_is_contained" time="0.000" /><testcase classname="pi-agent.tests.test_adapters" name="test_no_voice_or_http_entry_can_energize" time="0.026" /><testcase classname="pi-agent.tests.test_adapters" name="test_real_telemetry_omits_mock_air_values" time="0.093" /></testsuite></testsuites>